#
# There is insufficient memory for the Java Runtime Environment to continue.
# Native memory allocation (malloc) failed to allocate 22536 bytes for AllocateHeap
# Possible reasons:
#   The system is out of physical RAM or swap space
#   The process is running with CompressedOops enabled, and the Java Heap may be blocking the growth of the native heap
# Possible solutions:
#   Reduce memory load on the system
#   Increase physical memory or swap space
#   Check if swap backing store is full
#   Decrease Java heap size (-Xmx/-Xms)
#   Decrease number of Java threads
#   Decrease Java thread stack sizes (-Xss)
#   Set larger code cache with -XX:ReservedCodeCacheSize=
#   JVM is running with Unscaled Compressed Oops mode in which the Java heap is
#     placed in the first 4GB address space. The Java Heap base address is the
#     maximum limit for the native heap growth. Please use -XX:HeapBaseMinAddress
#     to set the Java Heap base and to place the Java Heap above 4GB virtual address.
# This output file may be truncated or incomplete.
#
#  Out of Memory Error (memory/allocation.inline.hpp:61), pid=154640, tid=0x0000000000025164
#
# JRE version: Java(TM) SE Runtime Environment (8.0_251-b08) (build 1.8.0_251-b08)
# Java VM: Java HotSpot(TM) 64-Bit Server VM (25.251-b08 mixed mode windows-amd64 compressed oops)
# Failed to write core dump. Minidumps are not enabled by default on client versions of Windows
#

---------------  T H R E A D  ---------------

Current thread (0x000000001b15a800):  JavaThread "JMX server connection timeout 31" daemon [_thread_in_vm, id=151908, stack(0x000000001ed70000,0x000000001ee70000)]

Stack: [0x000000001ed70000,0x000000001ee70000]
[error occurred during error reporting (printing stack bounds), id 0xc0000005]

Native frames: (J=compiled Java code, j=interpreted, Vv=VM code, C=native code)

Java frames: (J=compiled Java code, j=interpreted, Vv=VM code)
j  java.lang.Object.wait(J)V+0
j  com.sun.jmx.remote.internal.ServerCommunicatorAdmin$Timeout.run()V+227
j  java.lang.Thread.run()V+11
v  ~StubRoutines::call_stub

---------------  P R O C E S S  ---------------

Java Threads: ( => current thread )
  0x000000001b15b000 JavaThread "RMI TCP Connection(idle)" daemon [_thread_in_vm, id=152080, stack(0x000000001ee70000,0x000000001ef70000)]
=>0x000000001b15a800 JavaThread "JMX server connection timeout 31" daemon [_thread_in_vm, id=151908, stack(0x000000001ed70000,0x000000001ee70000)]
  0x000000001b156000 JavaThread "RMI TCP Connection(6)-127.0.0.1" daemon [_thread_blocked, id=145932, stack(0x000000001ec70000,0x000000001ed70000)]
  0x000000001b159000 JavaThread "JMX server connection timeout 29" daemon [_thread_blocked, id=133676, stack(0x000000001eb70000,0x000000001ec70000)]
  0x000000001b159800 JavaThread "RMI TCP Connection(5)-127.0.0.1" daemon [_thread_in_native, id=136780, stack(0x000000001ea70000,0x000000001eb70000)]
  0x000000001b156800 JavaThread "RMI TCP Connection(4)-127.0.0.1" daemon [_thread_in_native, id=152220, stack(0x000000001e970000,0x000000001ea70000)]
  0x000000001b15c800 JavaThread "RMI TCP Connection(3)-127.0.0.1" daemon [_thread_in_native, id=153672, stack(0x000000001e870000,0x000000001e970000)]
  0x000000001d047800 JavaThread "JMX server connection timeout 25" daemon [_thread_blocked, id=135844, stack(0x000000001e770000,0x000000001e870000)]
  0x0000000002e05000 JavaThread "DestroyJavaVM" [_thread_blocked, id=152420, stack(0x0000000002ca0000,0x0000000002da0000)]
  0x000000001af7b000 JavaThread "task-1" [_thread_in_vm, id=128008, stack(0x000000001e070000,0x000000001e170000)]
  0x000000001ce9e000 JavaThread "mysql-cj-abandoned-connection-cleanup" daemon [_thread_blocked, id=151600, stack(0x000000001c3a0000,0x000000001c4a0000)]
  0x000000001b1ec000 JavaThread "JMX server connection timeout 18" daemon [_thread_blocked, id=151988, stack(0x000000001c0a0000,0x000000001c1a0000)]
  0x000000001b1c9000 JavaThread "RMI TCP Connection(2)-127.0.0.1" daemon [_thread_in_native, id=149748, stack(0x000000001bfa0000,0x000000001c0a0000)]
  0x000000001b1ce800 JavaThread "RMI Scheduler(0)" daemon [_thread_blocked, id=153088, stack(0x000000001bea0000,0x000000001bfa0000)]
  0x000000001b1b4000 JavaThread "RMI TCP Connection(1)-127.0.0.1" daemon [_thread_in_native, id=151304, stack(0x000000001bba0000,0x000000001bca0000)]
  0x000000001afe6000 JavaThread "RMI TCP Accept-0" daemon [_thread_in_native, id=147928, stack(0x000000001b830000,0x000000001b930000)]
  0x000000001afdd000 JavaThread "RMI TCP Accept-55484" daemon [_thread_in_native, id=64096, stack(0x000000001b730000,0x000000001b830000)]
  0x000000001afc9800 JavaThread "RMI TCP Accept-0" daemon [_thread_in_native, id=141000, stack(0x000000001b630000,0x000000001b730000)]
  0x0000000019e90000 JavaThread "Service Thread" daemon [_thread_blocked, id=147368, stack(0x000000001a9f0000,0x000000001aaf0000)]
  0x0000000019e1a000 JavaThread "C1 CompilerThread3" daemon [_thread_blocked, id=4948, stack(0x000000001a8f0000,0x000000001a9f0000)]
  0x0000000019e0a000 JavaThread "C2 CompilerThread2" daemon [_thread_blocked, id=154592, stack(0x000000001a7f0000,0x000000001a8f0000)]
  0x0000000019e07000 JavaThread "C2 CompilerThread1" daemon [_thread_blocked, id=148260, stack(0x000000001a6f0000,0x000000001a7f0000)]
  0x0000000019e05000 JavaThread "C2 CompilerThread0" daemon [_thread_blocked, id=29944, stack(0x000000001a5f0000,0x000000001a6f0000)]
  0x0000000019e00000 JavaThread "Attach Listener" daemon [_thread_blocked, id=153844, stack(0x000000001a4f0000,0x000000001a5f0000)]
  0x0000000019dff800 JavaThread "Signal Dispatcher" daemon [_thread_blocked, id=146884, stack(0x000000001a3f0000,0x000000001a4f0000)]
  0x0000000019df0800 JavaThread "Finalizer" daemon [_thread_blocked, id=153276, stack(0x000000001a1d0000,0x000000001a2d0000)]
  0x0000000017efd800 JavaThread "Reference Handler" daemon [_thread_blocked, id=11836, stack(0x0000000019cd0000,0x0000000019dd0000)]

Other Threads:
  0x0000000017ef9800 VMThread [stack: 0x0000000019bd0000,0x0000000019cd0000] [id=24580]
  0x000000001afe8000 WatcherThread [stack: 0x000000001baa0000,0x000000001bba0000] [id=4900]

VM state:not at safepoint (normal execution)

VM Mutex/Monitor currently owned by a thread: None

heap address: 0x0000000080c00000, size: 2036 MB, Compressed Oops mode: 32-bit
Narrow klass base: 0x0000000000000000, Narrow klass shift: 3
Compressed class space size: 1073741824 Address: 0x0000000100000000

Heap:
 PSYoungGen      total 65024K, used 25657K [0x00000000d5980000, 0x00000000da200000, 0x0000000100000000)
  eden space 57856K, 32% used [0x00000000d5980000,0x00000000d6bee068,0x00000000d9200000)
  from space 7168K, 94% used [0x00000000d9b00000,0x00000000da1a0418,0x00000000da200000)
  to   space 8192K, 0% used [0x00000000d9200000,0x00000000d9200000,0x00000000d9a00000)
 ParOldGen       total 46592K, used 5589K [0x0000000080c00000, 0x0000000083980000, 0x00000000d5980000)
  object space 46592K, 11% used [0x0000000080c00000,0x0000000081175458,0x0000000083980000)
 Metaspace       used 25766K, capacity 27152K, committed 27520K, reserved 1079296K
  class space    used 3665K, capacity 3939K, committed 3968K, reserved 1048576K

Card table byte_map: [0x00000000122c0000,0x00000000126c0000] byte_map_base: 0x0000000011eba000

Marking Bits: (ParMarkBitMap*) 0x0000000070c6af90
 Begin Bits: [0x0000000013170000, 0x0000000015140000)
 End Bits:   [0x0000000015140000, 0x0000000017110000)

Polling page: 0x0000000001420000

CodeCache: size=245760Kb used=5078Kb max_used=5078Kb free=240681Kb
 bounds [0x0000000002f00000, 0x0000000003400000, 0x0000000011f00000]
 total_blobs=2895 nmethods=2457 adapters=351
 compilation: enabled

Compilation events (10 events):
Event: 7.707 Thread 0x0000000019e1a000 nmethod 2450 0x00000000033f2a10 code [0x00000000033f2b60, 0x00000000033f2c90]
Event: 7.708 Thread 0x0000000019e1a000 2451   !   1       java.io.ObjectInputStream$BlockDataInputStream::readUTFSpan (502 bytes)
Event: 7.709 Thread 0x0000000019e1a000 nmethod 2451 0x00000000033f2d10 code [0x00000000033f2f20, 0x00000000033f37a8]
Event: 7.709 Thread 0x0000000019e1a000 2453       1       java.io.Bits::getShort (18 bytes)
Event: 7.709 Thread 0x0000000019e1a000 nmethod 2453 0x00000000033f4490 code [0x00000000033f45e0, 0x00000000033f4730]
Event: 7.709 Thread 0x0000000019e1a000 2454       1       java.io.ObjectInputStream$PeekInputStream::read (47 bytes)
Event: 7.709 Thread 0x0000000019e1a000 nmethod 2454 0x00000000033f4810 code [0x00000000033f4980, 0x00000000033f4b08]
Event: 7.709 Thread 0x0000000019e1a000 2452       1       java.lang.Long::valueOf (36 bytes)
Event: 7.709 Thread 0x0000000019e1a000 nmethod 2452 0x00000000033f4b90 code [0x00000000033f4ce0, 0x00000000033f4e90]
Event: 7.709 Thread 0x0000000019e1a000 2455       1       java.io.ObjectStreamClass::getSerialVersionUID (33 bytes)

GC Heap History (10 events):
Event: 1.456 GC heap before
{Heap before GC invocations=3 (full 0):
 PSYoungGen      total 38400K, used 38372K [0x00000000d5980000, 0x00000000d8400000, 0x0000000100000000)
  eden space 33280K, 99% used [0x00000000d5980000,0x00000000d79fc088,0x00000000d7a00000)
  from space 5120K, 99% used [0x00000000d7f00000,0x00000000d83fd228,0x00000000d8400000)
  to   space 5120K, 0% used [0x00000000d7a00000,0x00000000d7a00000,0x00000000d7f00000)
 ParOldGen       total 87552K, used 2005K [0x0000000080c00000, 0x0000000086180000, 0x00000000d5980000)
  object space 87552K, 2% used [0x0000000080c00000,0x0000000080df55e8,0x0000000086180000)
 Metaspace       used 15514K, capacity 16166K, committed 16384K, reserved 1062912K
  class space    used 2072K, capacity 2215K, committed 2304K, reserved 1048576K
Event: 1.458 GC heap after
Heap after GC invocations=3 (full 0):
 PSYoungGen      total 38400K, used 4400K [0x00000000d5980000, 0x00000000d8400000, 0x0000000100000000)
  eden space 33280K, 0% used [0x00000000d5980000,0x00000000d5980000,0x00000000d7a00000)
  from space 5120K, 85% used [0x00000000d7a00000,0x00000000d7e4c378,0x00000000d7f00000)
  to   space 5120K, 0% used [0x00000000d7f00000,0x00000000d7f00000,0x00000000d8400000)
 ParOldGen       total 87552K, used 2005K [0x0000000080c00000, 0x0000000086180000, 0x00000000d5980000)
  object space 87552K, 2% used [0x0000000080c00000,0x0000000080df55e8,0x0000000086180000)
 Metaspace       used 15514K, capacity 16166K, committed 16384K, reserved 1062912K
  class space    used 2072K, capacity 2215K, committed 2304K, reserved 1048576K
}
Event: 1.634 GC heap before
{Heap before GC invocations=4 (full 0):
 PSYoungGen      total 38400K, used 26220K [0x00000000d5980000, 0x00000000d8400000, 0x0000000100000000)
  eden space 33280K, 65% used [0x00000000d5980000,0x00000000d6eceec8,0x00000000d7a00000)
  from space 5120K, 85% used [0x00000000d7a00000,0x00000000d7e4c378,0x00000000d7f00000)
  to   space 5120K, 0% used [0x00000000d7f00000,0x00000000d7f00000,0x00000000d8400000)
 ParOldGen       total 87552K, used 2005K [0x0000000080c00000, 0x0000000086180000, 0x00000000d5980000)
  object space 87552K, 2% used [0x0000000080c00000,0x0000000080df55e8,0x0000000086180000)
 Metaspace       used 16444K, capacity 17216K, committed 17280K, reserved 1069056K
  class space    used 2207K, capacity 2392K, committed 2432K, reserved 1048576K
Event: 1.638 GC heap after
Heap after GC invocations=4 (full 0):
 PSYoungGen      total 38400K, used 5094K [0x00000000d5980000, 0x00000000d8400000, 0x0000000100000000)
  eden space 33280K, 0% used [0x00000000d5980000,0x00000000d5980000,0x00000000d7a00000)
  from space 5120K, 99% used [0x00000000d7f00000,0x00000000d83f99f0,0x00000000d8400000)
  to   space 5120K, 0% used [0x00000000d7a00000,0x00000000d7a00000,0x00000000d7f00000)
 ParOldGen       total 87552K, used 2656K [0x0000000080c00000, 0x0000000086180000, 0x00000000d5980000)
  object space 87552K, 3% used [0x0000000080c00000,0x0000000080e98310,0x0000000086180000)
 Metaspace       used 16444K, capacity 17216K, committed 17280K, reserved 1069056K
  class space    used 2207K, capacity 2392K, committed 2432K, reserved 1048576K
}
Event: 1.638 GC heap before
{Heap before GC invocations=5 (full 1):
 PSYoungGen      total 38400K, used 5094K [0x00000000d5980000, 0x00000000d8400000, 0x0000000100000000)
  eden space 33280K, 0% used [0x00000000d5980000,0x00000000d5980000,0x00000000d7a00000)
  from space 5120K, 99% used [0x00000000d7f00000,0x00000000d83f99f0,0x00000000d8400000)
  to   space 5120K, 0% used [0x00000000d7a00000,0x00000000d7a00000,0x00000000d7f00000)
 ParOldGen       total 87552K, used 2656K [0x0000000080c00000, 0x0000000086180000, 0x00000000d5980000)
  object space 87552K, 3% used [0x0000000080c00000,0x0000000080e98310,0x0000000086180000)
 Metaspace       used 16444K, capacity 17216K, committed 17280K, reserved 1069056K
  class space    used 2207K, capacity 2392K, committed 2432K, reserved 1048576K
Event: 1.661 GC heap after
Heap after GC invocations=5 (full 1):
 PSYoungGen      total 38400K, used 0K [0x00000000d5980000, 0x00000000d8400000, 0x0000000100000000)
  eden space 33280K, 0% used [0x00000000d5980000,0x00000000d5980000,0x00000000d7a00000)
  from space 5120K, 0% used [0x00000000d7f00000,0x00000000d7f00000,0x00000000d8400000)
  to   space 5120K, 0% used [0x00000000d7a00000,0x00000000d7a00000,0x00000000d7f00000)
 ParOldGen       total 46592K, used 5573K [0x0000000080c00000, 0x0000000083980000, 0x00000000d5980000)
  object space 46592K, 11% used [0x0000000080c00000,0x0000000081171458,0x0000000083980000)
 Metaspace       used 16444K, capacity 17216K, committed 17280K, reserved 1067008K
  class space    used 2207K, capacity 2392K, committed 2432K, reserved 1048576K
}
Event: 2.051 GC heap before
{Heap before GC invocations=6 (full 1):
 PSYoungGen      total 38400K, used 33280K [0x00000000d5980000, 0x00000000d8400000, 0x0000000100000000)
  eden space 33280K, 100% used [0x00000000d5980000,0x00000000d7a00000,0x00000000d7a00000)
  from space 5120K, 0% used [0x00000000d7f00000,0x00000000d7f00000,0x00000000d8400000)
  to   space 5120K, 0% used [0x00000000d7a00000,0x00000000d7a00000,0x00000000d7f00000)
 ParOldGen       total 46592K, used 5573K [0x0000000080c00000, 0x0000000083980000, 0x00000000d5980000)
  object space 46592K, 11% used [0x0000000080c00000,0x0000000081171458,0x0000000083980000)
 Metaspace       used 18981K, capacity 20054K, committed 20352K, reserved 1069056K
  class space    used 2630K, capacity 2847K, committed 2944K, reserved 1048576K
Event: 2.054 GC heap after
Heap after GC invocations=6 (full 1):
 PSYoungGen      total 38400K, used 4020K [0x00000000d5980000, 0x00000000da280000, 0x0000000100000000)
  eden space 33280K, 0% used [0x00000000d5980000,0x00000000d5980000,0x00000000d7a00000)
  from space 5120K, 78% used [0x00000000d7a00000,0x00000000d7ded210,0x00000000d7f00000)
  to   space 7680K, 0% used [0x00000000d9b00000,0x00000000d9b00000,0x00000000da280000)
 ParOldGen       total 46592K, used 5581K [0x0000000080c00000, 0x0000000083980000, 0x00000000d5980000)
  object space 46592K, 11% used [0x0000000080c00000,0x0000000081173458,0x0000000083980000)
 Metaspace       used 18981K, capacity 20054K, committed 20352K, reserved 1069056K
  class space    used 2630K, capacity 2847K, committed 2944K, reserved 1048576K
}
Event: 7.457 GC heap before
{Heap before GC invocations=7 (full 1):
 PSYoungGen      total 38400K, used 37300K [0x00000000d5980000, 0x00000000da280000, 0x0000000100000000)
  eden space 33280K, 100% used [0x00000000d5980000,0x00000000d7a00000,0x00000000d7a00000)
  from space 5120K, 78% used [0x00000000d7a00000,0x00000000d7ded210,0x00000000d7f00000)
  to   space 7680K, 0% used [0x00000000d9b00000,0x00000000d9b00000,0x00000000da280000)
 ParOldGen       total 46592K, used 5581K [0x0000000080c00000, 0x0000000083980000, 0x00000000d5980000)
  object space 46592K, 11% used [0x0000000080c00000,0x0000000081173458,0x0000000083980000)
 Metaspace       used 23515K, capacity 24858K, committed 25088K, reserved 1073152K
  class space    used 3222K, capacity 3465K, committed 3584K, reserved 1048576K
Event: 7.462 GC heap after
Heap after GC invocations=7 (full 1):
 PSYoungGen      total 65024K, used 6785K [0x00000000d5980000, 0x00000000da200000, 0x0000000100000000)
  eden space 57856K, 0% used [0x00000000d5980000,0x00000000d5980000,0x00000000d9200000)
  from space 7168K, 94% used [0x00000000d9b00000,0x00000000da1a0418,0x00000000da200000)
  to   space 8192K, 0% used [0x00000000d9200000,0x00000000d9200000,0x00000000d9a00000)
 ParOldGen       total 46592K, used 5589K [0x0000000080c00000, 0x0000000083980000, 0x00000000d5980000)
  object space 46592K, 11% used [0x0000000080c00000,0x0000000081175458,0x0000000083980000)
 Metaspace       used 23515K, capacity 24858K, committed 25088K, reserved 1073152K
  class space    used 3222K, capacity 3465K, committed 3584K, reserved 1048576K
}

Deoptimization events (0 events):
No events

Classes redefined (0 events):
No events

Internal exceptions (10 events):
Event: 7.339 Thread 0x0000000002e05000 Exception <a 'java/lang/ArrayIndexOutOfBoundsException'> (0x00000000d7197078) thrown at [C:\jenkins\workspace\8-2-build-windows-amd64-cygwin\jdk8u251\737\hotspot\src\share\vm\runtime\sharedRuntime.cpp, line 605]
Event: 7.339 Thread 0x0000000002e05000 Exception <a 'java/lang/ArrayIndexOutOfBoundsException'> (0x00000000d7197ee8) thrown at [C:\jenkins\workspace\8-2-build-windows-amd64-cygwin\jdk8u251\737\hotspot\src\share\vm\runtime\sharedRuntime.cpp, line 605]
Event: 7.368 Thread 0x0000000002e05000 Exception <a 'java/lang/ArrayIndexOutOfBoundsException'> (0x00000000d7569a48) thrown at [C:\jenkins\workspace\8-2-build-windows-amd64-cygwin\jdk8u251\737\hotspot\src\share\vm\runtime\sharedRuntime.cpp, line 605]
Event: 7.368 Thread 0x0000000002e05000 Exception <a 'java/lang/ArrayIndexOutOfBoundsException'> (0x00000000d7574b50) thrown at [C:\jenkins\workspace\8-2-build-windows-amd64-cygwin\jdk8u251\737\hotspot\src\share\vm\runtime\sharedRuntime.cpp, line 605]
Event: 7.368 Thread 0x0000000002e05000 Exception <a 'java/lang/ArrayIndexOutOfBoundsException'> (0x00000000d7576de0) thrown at [C:\jenkins\workspace\8-2-build-windows-amd64-cygwin\jdk8u251\737\hotspot\src\share\vm\runtime\sharedRuntime.cpp, line 605]
Event: 7.368 Thread 0x0000000002e05000 Exception <a 'java/lang/ArrayIndexOutOfBoundsException'> (0x00000000d75784c0) thrown at [C:\jenkins\workspace\8-2-build-windows-amd64-cygwin\jdk8u251\737\hotspot\src\share\vm\runtime\sharedRuntime.cpp, line 605]
Event: 7.369 Thread 0x0000000002e05000 Exception <a 'java/lang/ArrayIndexOutOfBoundsException'> (0x00000000d757a820) thrown at [C:\jenkins\workspace\8-2-build-windows-amd64-cygwin\jdk8u251\737\hotspot\src\share\vm\runtime\sharedRuntime.cpp, line 605]
Event: 7.379 Thread 0x0000000002e05000 Exception <a 'java/lang/ArrayIndexOutOfBoundsException'> (0x00000000d76884a8) thrown at [C:\jenkins\workspace\8-2-build-windows-amd64-cygwin\jdk8u251\737\hotspot\src\share\vm\runtime\sharedRuntime.cpp, line 605]
Event: 7.379 Thread 0x0000000002e05000 Exception <a 'java/lang/ArrayIndexOutOfBoundsException'> (0x00000000d768a7b0) thrown at [C:\jenkins\workspace\8-2-build-windows-amd64-cygwin\jdk8u251\737\hotspot\src\share\vm\runtime\sharedRuntime.cpp, line 605]
Event: 7.381 Thread 0x0000000002e05000 Exception <a 'java/lang/ArrayIndexOutOfBoundsException'> (0x00000000d769c8c8) thrown at [C:\jenkins\workspace\8-2-build-windows-amd64-cygwin\jdk8u251\737\hotspot\src\share\vm\runtime\sharedRuntime.cpp, line 605]

Events (10 events):
Event: 7.708 loading class com/sun/jmx/remote/util/OrderClassLoaders
Event: 7.708 loading class com/sun/jmx/remote/util/OrderClassLoaders done
Event: 7.708 loading class javax/management/remote/rmi/RMIConnectionImpl$SetCcl
Event: 7.708 loading class javax/management/remote/rmi/RMIConnectionImpl$SetCcl done
Event: 7.708 loading class java/rmi/MarshalledObject$MarshalledObjectInputStream
Event: 7.708 loading class java/rmi/MarshalledObject$MarshalledObjectInputStream done
Event: 7.708 Thread 0x000000001b15a800 Thread added: 0x000000001b15a800
Event: 7.709 Thread 0x000000001b15b000 Thread added: 0x000000001b15b000
Event: 7.709 loading class org/hibernate/engine/jdbc/dialect/internal/DialectFactoryImpl
Event: 7.709 loading class org/hibernate/engine/jdbc/dialect/internal/DialectFactoryImpl done


Dynamic libraries:
0x00007ff6c7e20000 - 0x00007ff6c7e57000 	C:\Program Files\Java\jre1.8.0_251\bin\javaw.exe
0x00007ffc31600000 - 0x00007ffc317f0000 	C:\Windows\SYSTEM32\ntdll.dll
0x00007ffc31010000 - 0x00007ffc310c2000 	C:\Windows\System32\KERNEL32.DLL
0x00007ffc2f200000 - 0x00007ffc2f4a5000 	C:\Windows\System32\KERNELBASE.dll
0x00007ffc30850000 - 0x00007ffc308f3000 	C:\Windows\System32\ADVAPI32.dll
0x00007ffc30540000 - 0x00007ffc305de000 	C:\Windows\System32\msvcrt.dll
0x00007ffc30e90000 - 0x00007ffc30f27000 	C:\Windows\System32\sechost.dll
0x00007ffc30180000 - 0x00007ffc302a0000 	C:\Windows\System32\RPCRT4.dll
0x00007ffc2f750000 - 0x00007ffc2f8e5000 	C:\Windows\System32\USER32.dll
0x00007ffc2e930000 - 0x00007ffc2e951000 	C:\Windows\System32\win32u.dll
0x00007ffc30e60000 - 0x00007ffc30e86000 	C:\Windows\System32\GDI32.dll
0x00007ffc2e5c0000 - 0x00007ffc2e756000 	C:\Windows\System32\gdi32full.dll
0x00007ffc2e7e0000 - 0x00007ffc2e87e000 	C:\Windows\System32\msvcp_win.dll
0x00007ffc2e960000 - 0x00007ffc2ea5a000 	C:\Windows\System32\ucrtbase.dll
0x00007ffc25a70000 - 0x00007ffc25cf4000 	C:\Windows\WinSxS\amd64_microsoft.windows.common-controls_6595b64144ccf1df_6.0.18362.1082_none_9e8193e1e45b25c1\COMCTL32.dll
0x00007ffc31280000 - 0x00007ffc315b5000 	C:\Windows\System32\combase.dll
0x00007ffc2e760000 - 0x00007ffc2e7e0000 	C:\Windows\System32\bcryptPrimitives.dll
0x00007ffc2f6b0000 - 0x00007ffc2f6de000 	C:\Windows\System32\IMM32.DLL
0x000000006f850000 - 0x000000006f922000 	C:\Program Files\Java\jre1.8.0_251\bin\msvcr100.dll
0x0000000070440000 - 0x0000000070ceb000 	C:\Program Files\Java\jre1.8.0_251\bin\server\jvm.dll
0x00007ffc30e50000 - 0x00007ffc30e58000 	C:\Windows\System32\PSAPI.DLL
0x00007ffc25a00000 - 0x00007ffc25a09000 	C:\Windows\SYSTEM32\WSOCK32.dll
0x00007ffc28470000 - 0x00007ffc2847a000 	C:\Windows\SYSTEM32\VERSION.dll
0x00007ffc2c620000 - 0x00007ffc2c644000 	C:\Windows\SYSTEM32\WINMM.dll
0x00007ffc302a0000 - 0x00007ffc3030f000 	C:\Windows\System32\WS2_32.dll
0x00007ffc2c480000 - 0x00007ffc2c4ad000 	C:\Windows\SYSTEM32\winmmbase.dll
0x00007ffc2f660000 - 0x00007ffc2f6aa000 	C:\Windows\System32\cfgmgr32.dll
0x00007ffc25440000 - 0x00007ffc2544f000 	C:\Program Files\Java\jre1.8.0_251\bin\verify.dll
0x00007ffc1e460000 - 0x00007ffc1e489000 	C:\Program Files\Java\jre1.8.0_251\bin\java.dll
0x00007ffc1acd0000 - 0x00007ffc1ace6000 	C:\Program Files\Java\jre1.8.0_251\bin\zip.dll
0x00007ffc2fa90000 - 0x00007ffc30177000 	C:\Windows\System32\SHELL32.dll
0x00007ffc2f9e0000 - 0x00007ffc2fa89000 	C:\Windows\System32\shcore.dll
0x00007ffc2ea60000 - 0x00007ffc2f1e0000 	C:\Windows\System32\windows.storage.dll
0x00007ffc2e4f0000 - 0x00007ffc2e513000 	C:\Windows\System32\profapi.dll
0x00007ffc2e540000 - 0x00007ffc2e58a000 	C:\Windows\System32\powrprof.dll
0x00007ffc2e4c0000 - 0x00007ffc2e4d0000 	C:\Windows\System32\UMPDC.dll
0x00007ffc2f6f0000 - 0x00007ffc2f742000 	C:\Windows\System32\shlwapi.dll
0x00007ffc2e4d0000 - 0x00007ffc2e4e1000 	C:\Windows\System32\kernel.appcore.dll
0x00007ffc2f1e0000 - 0x00007ffc2f1f7000 	C:\Windows\System32\cryptsp.dll
0x00007ffc263c0000 - 0x00007ffc263cd000 	C:\Program Files\Java\jre1.8.0_251\bin\management.dll
0x00007ffc1acb0000 - 0x00007ffc1acca000 	C:\Program Files\Java\jre1.8.0_251\bin\net.dll
0x00007ffc2dd10000 - 0x00007ffc2dd77000 	C:\Windows\system32\mswsock.dll
0x00007ffc1a000000 - 0x00007ffc1a012000 	C:\Program Files\Java\jre1.8.0_251\bin\nio.dll
0x00007ffc13de0000 - 0x00007ffc13df6000 	C:\Windows\system32\napinsp.dll
0x00007ffc13c70000 - 0x00007ffc13c8a000 	C:\Windows\system32\pnrpnsp.dll
0x00007ffc2da00000 - 0x00007ffc2dacb000 	C:\Windows\SYSTEM32\DNSAPI.dll
0x00007ffc2f6e0000 - 0x00007ffc2f6e8000 	C:\Windows\System32\NSI.dll
0x00007ffc2d9c0000 - 0x00007ffc2d9fa000 	C:\Windows\SYSTEM32\IPHLPAPI.DLL
0x00007ffc13c60000 - 0x00007ffc13c6e000 	C:\Windows\System32\winrnr.dll
0x00007ffc2acd0000 - 0x00007ffc2acec000 	C:\Windows\system32\NLAapi.dll
0x00007ffc0e830000 - 0x00007ffc0e845000 	C:\Windows\system32\wshbth.dll
0x00007ffc284a0000 - 0x00007ffc284aa000 	C:\Windows\System32\rasadhlp.dll
0x00007ffc28ea0000 - 0x00007ffc28f17000 	C:\Windows\System32\fwpuclnt.dll
0x00007ffc2e590000 - 0x00007ffc2e5b6000 	C:\Windows\System32\bcrypt.dll
0x00007ffc2d820000 - 0x00007ffc2d853000 	C:\Windows\system32\rsaenh.dll
0x00007ffc2e3e0000 - 0x00007ffc2e405000 	C:\Windows\SYSTEM32\USERENV.dll
0x00007ffc2dee0000 - 0x00007ffc2deec000 	C:\Windows\SYSTEM32\CRYPTBASE.dll
0x00007ffc29100000 - 0x00007ffc29116000 	C:\Windows\SYSTEM32\dhcpcsvc6.DLL
0x00007ffc290e0000 - 0x00007ffc290fc000 	C:\Windows\SYSTEM32\dhcpcsvc.DLL

VM Arguments:
jvm_args: -Dcom.sun.management.jmxremote -Dcom.sun.management.jmxremote.port=55484 -Dcom.sun.management.jmxremote.authenticate=false -Dcom.sun.management.jmxremote.ssl=false -Djava.rmi.server.hostname=localhost -Dspring.jmx.enabled=true -Dspring.application.admin.enabled=true -Xverify:none -XX:TieredStopAtLevel=1 -Dspring.boot.project.name=JPAempleosDB -Dfile.encoding=UTF-8 
java_command: ils.JPA.JPAempleosDB.JpAempleosDbApplication --spring.output.ansi.enabled=always
java_class_path (initial): C:\Users\Astra&Crea\Documents\sts-4.7.1.RELEASE\WorkSpace\JPAempleosDB\target\classes;C:\Users\Astra&Crea\.m2\repository\org\springframework\boot\spring-boot-starter-data-jpa\2.3.4.RELEASE\spring-boot-starter-data-jpa-2.3.4.RELEASE.jar;C:\Users\Astra&Crea\.m2\repository\org\springframework\boot\spring-boot-starter-aop\2.3.4.RELEASE\spring-boot-starter-aop-2.3.4.RELEASE.jar;C:\Users\Astra&Crea\.m2\repository\org\springframework\spring-aop\5.2.9.RELEASE\spring-aop-5.2.9.RELEASE.jar;C:\Users\Astra&Crea\.m2\repository\org\aspectj\aspectjweaver\1.9.6\aspectjweaver-1.9.6.jar;C:\Users\Astra&Crea\.m2\repository\org\springframework\boot\spring-boot-starter-jdbc\2.3.4.RELEASE\spring-boot-starter-jdbc-2.3.4.RELEASE.jar;C:\Users\Astra&Crea\.m2\repository\com\zaxxer\HikariCP\3.4.5\HikariCP-3.4.5.jar;C:\Users\Astra&Crea\.m2\repository\org\springframework\spring-jdbc\5.2.9.RELEASE\spring-jdbc-5.2.9.RELEASE.jar;C:\Users\Astra&Crea\.m2\repository\jakarta\transaction\jakarta.transaction-api\1.3.3\jakarta.transaction-api-1.3.3.jar;C:\Users\Astra&Crea\.m2\repository\jakarta\persistence\jakarta.persistence-api\2.2.3\jakarta.persistence-api-2.2.3.jar;C:\Users\Astra&Crea\.m2\repository\org\hibernate\hibernate-core\5.4.21.Final\hibernate-core-5.4.21.Final.jar;C:\Users\Astra&Crea\.m2\repository\org\jboss\logging\jboss-logging\3.4.1.Final\jboss-logging-3.4.1.Final.jar;C:\Users\Astra&Crea\.m2\repository\org\javassist\javassist\3.24.0-GA\javassist-3.24.0-GA.jar;C:\Users\Astra&Crea\.m2\repository\net\bytebuddy\byte-buddy\1.10.14\byte-buddy-1.10.14.jar;C:\Users\Astra&Crea\.m2\repository\antlr\antlr\2.7.7\antlr-2.7.7.jar;C:\Users\Astra&Crea\.m2\repository\org\jboss\jandex\2.1.3.Final\jandex-2.1.3.Final.jar;C:\Users\Astra&Crea\.m2\repository\com\fasterxml\classmate\1.5.1\classmate-1.5.1.jar;C:\Users\Astra&Crea\.m2\repository\org\dom4j\dom4j\2.1.3\dom4j-2.1.3.jar;C:\Users\Astra&Crea\.m2\repository\org\hibernate\common\hibernate-commons-annotations\5.1.0.Final\hibernate-
Launcher Type: SUN_STANDARD

Environment Variables:
PATH=C:/Program Files/Java/jre1.8.0_251/bin/server;C:/Program Files/Java/jre1.8.0_251/bin;C:/Program Files/Java/jre1.8.0_251/lib/amd64;C:\Program Files (x86)\Common Files\Oracle\Java\javapath;C:\ProgramData\Oracle\Java\javapath;C:\Windows\system32;C:\Windows;C:\Windows\System32\Wbem;C:\Windows\System32\WindowsPowerShell\v1.0\;C:\Windows\System32\OpenSSH\;C:\Program Files\NVIDIA Corporation\NVIDIA NvDLISR;C:\Program Files\dotnet\;C:\Program Files\Microsoft SQL Server\130\Tools\Binn\;C:\Program Files\Microsoft SQL Server\Client SDK\ODBC\170\Tools\Binn\;C:\Program Files\Microsoft SQL Server\Client SDK\ODBC\130\Tools\Binn\;C:\Program Files (x86)\Microsoft SQL Server\140\Tools\Binn\;C:\Program Files\Microsoft SQL Server\140\Tools\Binn\;C:\Program Files\Microsoft SQL Server\140\DTS\Binn\;C:\Program Files (x86)\Microsoft SQL Server\150\DTS\Binn\;C:\Program Files (x86)\Microsoft SQL Server\110\DTS\Binn\;C:\Program Files (x86)\Microsoft SQL Server\120\DTS\Binn\;C:\Program Files (x86)\Microsoft SQL Server\130\DTS\Binn\;C:\Program Files (x86)\Microsoft SQL Server\140\DTS\Binn\;C:\Program Files\nodejs\;C:\Program Files (x86)\Brackets\command;C:\Program Files\Git\cmd;C:\Users\Astra&Crea\AppData\Local\Microsoft\WindowsApps;C:\Users\Astra&Crea\AppData\Roaming\npm;C:\Users\Astra&Crea\AppData\Local\Programs\Microsoft VS Code\bin;C:\Users\Astra&Crea\AppData\Local\GitHubDesktop\bin;C:\Program Files\JetBrains\PyCharm Community Edition 2020.2.2\bin;;C:\Users\Astra&Crea\Documents\sts-4.7.1.RELEASE;
USERNAME=Astra&Crea
OS=Windows_NT
PROCESSOR_IDENTIFIER=AMD64 Family 23 Model 24 Stepping 1, AuthenticAMD



---------------  S Y S T E M  ---------------

OS: Windows 10.0 , 64 bit Build 18362 (10.0.18362.1082)

CPU:total 8 (initial active 8) (8 cores per cpu, 1 threads per core) family 23 model 24 stepping 1, cmov, cx8, fxsr, mmx, sse, sse2, sse3, ssse3, sse4.1, sse4.2, popcnt, avx, avx2, aes, clmul, mmxext, 3dnowpref, lzcnt, sse4a, tsc, tscinvbit, tscinv, bmi1

Memory: 4k page, physical 8335604k(477120k free), swap 14627060k(48k free)

vm_info: Java HotSpot(TM) 64-Bit Server VM (25.251-b08) for windows-amd64 JRE (1.8.0_251-b08), built on Mar 12 2020 06:31:49 by "" with MS VC++ 10.0 (VS2010)

time: Thu Oct 01 18:57:57 2020
timezone: Hora est. Pacífico, Sudamérica
elapsed time: 7 seconds (0d 0h 0m 7s)

